<?xml version="1.0" encoding="UTF-8"?>
<!-- Generated by org.testng.reporters.JUnitReportReporter -->
<testsuite name="com.seleniumInterviewQuestions.com.seleniumInterviewQuestions.TakesScreenshotatRuntimeAndSavesThemInExtentReport" tests="1" time="9.920" ignored="0" failures="0" timestamp="07 Sep 2018 02:05:41 GMT" skipped="0" hostname="DESKTOP-6GG2TDV" errors="0">
  <testcase name="loginTest" time="9.920" classname="com.seleniumInterviewQuestions.com.seleniumInterviewQuestions.TakesScreenshotatRuntimeAndSavesThemInExtentReport"/>
</testsuite> <!-- com.seleniumInterviewQuestions.com.seleniumInterviewQuestions.TakesScreenshotatRuntimeAndSavesThemInExtentReport -->
