<?xml version="1.0" encoding="UTF-8"?>
<!-- Generated by org.testng.reporters.JUnitReportReporter -->
<testsuite name="com.seleniumInterviewQuestions.com.seleniumInterviewQuestions.AutomatingBarCode" tests="1" time="22.863" ignored="0" failures="0" timestamp="17 Nov 2018 17:19:59 GMT" skipped="0" hostname="DESKTOP-6GG2TDV" errors="0">
  <testcase name="BarcodeTest" time="22.863" classname="com.seleniumInterviewQuestions.com.seleniumInterviewQuestions.AutomatingBarCode"/>
</testsuite> <!-- com.seleniumInterviewQuestions.com.seleniumInterviewQuestions.AutomatingBarCode -->
